<?xml version="1.0" encoding="UTF-8"?>
<!-- Generated by org.testng.reporters.JUnitReportReporter -->
<testsuite hostname="LAPTOP-EJFCTJVO" failures="0" tests="1" name="testlayer.Testclass" time="0.000" errors="0" timestamp="2022-04-23T23:03:18 IST" skipped="1">
  <testcase classname="testlayer.Testclass" name="TestClass" time="0.000">
    <skipped/>
  </testcase> <!-- TestClass -->
  <system-out/>
</testsuite> <!-- testlayer.Testclass -->
